  main.cpp
X:\tout le reste\visual studio 2022 project\Flappy Dunk\main.cpp(68,52): warning C4305: 'argument' : troncation de 'double' à 'float'
X:\tout le reste\visual studio 2022 project\Flappy Dunk\main.cpp(69,56): warning C4305: 'argument' : troncation de 'double' à 'float'
X:\tout le reste\visual studio 2022 project\Flappy Dunk\main.cpp(70,45): warning C4305: 'argument' : troncation de 'double' à 'float'
X:\tout le reste\visual studio 2022 project\Flappy Dunk\main.cpp(71,46): warning C4305: 'argument' : troncation de 'double' à 'float'
X:\tout le reste\visual studio 2022 project\Flappy Dunk\main.cpp(72,40): warning C4305: 'argument' : troncation de 'double' à 'float'
X:\tout le reste\visual studio 2022 project\Flappy Dunk\main.cpp(281,33): warning C4305: 'argument' : troncation de 'double' à 'float'
X:\tout le reste\visual studio 2022 project\Flappy Dunk\main.cpp(491,45): warning C4305: 'argument' : troncation de 'double' à 'float'
X:\tout le reste\visual studio 2022 project\Flappy Dunk\main.cpp(493,46): warning C4305: 'argument' : troncation de 'double' à 'float'
X:\tout le reste\visual studio 2022 project\Flappy Dunk\main.cpp(504,54): warning C4305: 'argument' : troncation de 'double' à 'float'
X:\tout le reste\visual studio 2022 project\Flappy Dunk\main.cpp(505,56): warning C4305: 'argument' : troncation de 'double' à 'float'
X:\tout le reste\visual studio 2022 project\Flappy Dunk\main.cpp(506,43): warning C4305: 'argument' : troncation de 'double' à 'float'
X:\tout le reste\visual studio 2022 project\Flappy Dunk\main.cpp(510,55): warning C4305: 'argument' : troncation de 'double' à 'float'
X:\tout le reste\visual studio 2022 project\Flappy Dunk\main.cpp(511,57): warning C4305: 'argument' : troncation de 'double' à 'float'
X:\tout le reste\visual studio 2022 project\Flappy Dunk\main.cpp(546,52): warning C4244: 'argument' : conversion de 'int' en 'T', perte possible de données
          with
          [
              T=float
          ]
X:\tout le reste\visual studio 2022 project\Flappy Dunk\main.cpp(548,29): warning C4305: 'argument' : troncation de 'double' à 'float'
X:\tout le reste\visual studio 2022 project\Flappy Dunk\main.cpp(562,53): warning C4244: 'argument' : conversion de 'int' en 'T', perte possible de données
          with
          [
              T=float
          ]
X:\tout le reste\visual studio 2022 project\Flappy Dunk\main.cpp(564,30): warning C4305: 'argument' : troncation de 'double' à 'float'
X:\tout le reste\visual studio 2022 project\Flappy Dunk\main.cpp(571,53): warning C4244: 'argument' : conversion de 'int' en 'T', perte possible de données
          with
          [
              T=float
          ]
X:\tout le reste\visual studio 2022 project\Flappy Dunk\main.cpp(573,30): warning C4305: 'argument' : troncation de 'double' à 'float'
X:\tout le reste\visual studio 2022 project\Flappy Dunk\main.cpp(580,53): warning C4244: 'argument' : conversion de 'int' en 'T', perte possible de données
          with
          [
              T=float
          ]
X:\tout le reste\visual studio 2022 project\Flappy Dunk\main.cpp(582,30): warning C4305: 'argument' : troncation de 'double' à 'float'
X:\tout le reste\visual studio 2022 project\Flappy Dunk\main.cpp(589,53): warning C4244: 'argument' : conversion de 'int' en 'T', perte possible de données
          with
          [
              T=float
          ]
X:\tout le reste\visual studio 2022 project\Flappy Dunk\main.cpp(591,30): warning C4305: 'argument' : troncation de 'double' à 'float'
X:\tout le reste\visual studio 2022 project\Flappy Dunk\main.cpp(598,53): warning C4244: 'argument' : conversion de 'int' en 'T', perte possible de données
          with
          [
              T=float
          ]
X:\tout le reste\visual studio 2022 project\Flappy Dunk\main.cpp(600,30): warning C4305: 'argument' : troncation de 'double' à 'float'
X:\tout le reste\visual studio 2022 project\Flappy Dunk\main.cpp(607,54): warning C4244: 'argument' : conversion de 'int' en 'T', perte possible de données
          with
          [
              T=float
          ]
X:\tout le reste\visual studio 2022 project\Flappy Dunk\main.cpp(609,31): warning C4305: 'argument' : troncation de 'double' à 'float'
X:\tout le reste\visual studio 2022 project\Flappy Dunk\main.cpp(616,54): warning C4244: 'argument' : conversion de 'int' en 'T', perte possible de données
          with
          [
              T=float
          ]
X:\tout le reste\visual studio 2022 project\Flappy Dunk\main.cpp(618,31): warning C4305: 'argument' : troncation de 'double' à 'float'
X:\tout le reste\visual studio 2022 project\Flappy Dunk\main.cpp(626,55): warning C4244: 'argument' : conversion de 'int' en 'T', perte possible de données
          with
          [
              T=float
          ]
X:\tout le reste\visual studio 2022 project\Flappy Dunk\main.cpp(628,34): warning C4305: 'argument' : troncation de 'double' à 'float'
X:\tout le reste\visual studio 2022 project\Flappy Dunk\main.cpp(635,53): warning C4244: 'argument' : conversion de 'int' en 'T', perte possible de données
          with
          [
              T=float
          ]
X:\tout le reste\visual studio 2022 project\Flappy Dunk\main.cpp(637,30): warning C4305: 'argument' : troncation de 'double' à 'float'
X:\tout le reste\visual studio 2022 project\Flappy Dunk\main.cpp(644,53): warning C4244: 'argument' : conversion de 'int' en 'T', perte possible de données
          with
          [
              T=float
          ]
X:\tout le reste\visual studio 2022 project\Flappy Dunk\main.cpp(646,30): warning C4305: 'argument' : troncation de 'double' à 'float'
X:\tout le reste\visual studio 2022 project\Flappy Dunk\main.cpp(653,54): warning C4244: 'argument' : conversion de 'int' en 'T', perte possible de données
          with
          [
              T=float
          ]
X:\tout le reste\visual studio 2022 project\Flappy Dunk\main.cpp(655,32): warning C4305: 'argument' : troncation de 'double' à 'float'
X:\tout le reste\visual studio 2022 project\Flappy Dunk\main.cpp(662,54): warning C4244: 'argument' : conversion de 'int' en 'T', perte possible de données
          with
          [
              T=float
          ]
X:\tout le reste\visual studio 2022 project\Flappy Dunk\main.cpp(664,31): warning C4305: 'argument' : troncation de 'double' à 'float'
X:\tout le reste\visual studio 2022 project\Flappy Dunk\main.cpp(671,54): warning C4244: 'argument' : conversion de 'int' en 'T', perte possible de données
          with
          [
              T=float
          ]
X:\tout le reste\visual studio 2022 project\Flappy Dunk\main.cpp(673,31): warning C4305: 'argument' : troncation de 'double' à 'float'
X:\tout le reste\visual studio 2022 project\Flappy Dunk\main.cpp(680,57): warning C4244: 'argument' : conversion de 'int' en 'T', perte possible de données
          with
          [
              T=float
          ]
X:\tout le reste\visual studio 2022 project\Flappy Dunk\main.cpp(682,35): warning C4305: 'argument' : troncation de 'double' à 'float'
X:\tout le reste\visual studio 2022 project\Flappy Dunk\main.cpp(691,30): warning C4305: '+=' : troncation de 'double' à 'float'
X:\tout le reste\visual studio 2022 project\Flappy Dunk\main.cpp(696,34): warning C4305: '-=' : troncation de 'double' à 'float'
X:\tout le reste\visual studio 2022 project\Flappy Dunk\main.cpp(708,26): warning C4244: 'initialisation' : conversion de 'double' en 'int', perte possible de données
X:\tout le reste\visual studio 2022 project\Flappy Dunk\main.cpp(711,35): warning C4244: 'argument' : conversion de 'int' en 'float', perte possible de données
X:\tout le reste\visual studio 2022 project\Flappy Dunk\main.cpp(718,46): warning C4305: 'argument' : troncation de 'double' à 'float'
X:\tout le reste\visual studio 2022 project\Flappy Dunk\main.cpp(719,48): warning C4305: 'argument' : troncation de 'double' à 'float'
X:\tout le reste\visual studio 2022 project\Flappy Dunk\main.cpp(720,36): warning C4305: 'argument' : troncation de 'double' à 'float'
X:\tout le reste\visual studio 2022 project\Flappy Dunk\main.cpp(721,37): warning C4305: 'argument' : troncation de 'double' à 'float'
X:\tout le reste\visual studio 2022 project\Flappy Dunk\main.cpp(728,70): warning C4244: 'argument' : conversion de 'int' en 'T', perte possible de données
          with
          [
              T=float
          ]
X:\tout le reste\visual studio 2022 project\Flappy Dunk\main.cpp(729,72): warning C4244: 'argument' : conversion de 'int' en 'T', perte possible de données
          with
          [
              T=float
          ]
X:\tout le reste\visual studio 2022 project\Flappy Dunk\main.cpp(730,58): warning C4244: 'argument' : conversion de 'int' en 'T', perte possible de données
          with
          [
              T=float
          ]
X:\tout le reste\visual studio 2022 project\Flappy Dunk\main.cpp(731,59): warning C4244: 'argument' : conversion de 'int' en 'T', perte possible de données
          with
          [
              T=float
          ]
X:\tout le reste\visual studio 2022 project\Flappy Dunk\main.cpp(822,49): warning C4305: 'argument' : troncation de 'double' à 'float'
X:\tout le reste\visual studio 2022 project\Flappy Dunk\main.cpp(823,49): warning C4305: 'argument' : troncation de 'double' à 'float'
X:\tout le reste\visual studio 2022 project\Flappy Dunk\main.cpp(824,50): warning C4305: 'argument' : troncation de 'double' à 'float'
X:\tout le reste\visual studio 2022 project\Flappy Dunk\main.cpp(830,60): warning C4305: 'argument' : troncation de 'double' à 'float'
X:\tout le reste\visual studio 2022 project\Flappy Dunk\main.cpp(831,64): warning C4305: 'argument' : troncation de 'double' à 'float'
  Génération de code en cours
  1 of 220 functions ( 0.5%) were compiled, the rest were copied from previous compilation.
    0 functions were new in current compilation
    0 functions had inline decision re-evaluated but remain unchanged
  Fin de la génération du code
  Flappy Dunk.vcxproj -> X:\tout le reste\visual studio 2022 project\Flappy Dunk\x64\Release\Flappy Dunk.exe
